# JRE version: Java(TM) SE Runtime Environment (17.0.9+11) (build 17.0.9+11-LTS-201)
# Java VM: Java HotSpot(TM) 64-Bit Server VM (17.0.9+11-LTS-201, mixed mode, sharing, tiered, compressed oops, compressed class ptrs, g1 gc, windows-amd64)
GC Precious Log:
 CPUs: 4 total, 4 available
 Memory: 8063M
 Large Page Support: Disabled
 NUMA Support: Disabled
 Compressed Oops: Enabled (32-bit)
 Heap Region Size: 1M
 Heap Min Capacity: 8M
 Heap Initial Capacity: 126M
 Heap Max Capacity: 2016M
 Pre-touch: Disabled
 Parallel Workers: 4
 Concurrent Workers: 1
 Concurrent Refinement Workers: 4
 Periodic GC: Disabled
Heap:
 garbage-first heap   total 74752K, used 52535K [0x0000000082000000, 0x0000000100000000)
  region size 1024K, 24 young (24576K), 1 survivors (1024K)
 Metaspace       used 64989K, committed 65600K, reserved 1114112K
  class space    used 9161K, committed 9472K, reserved 1048576K
GC Heap History (20 events):
Event: 6.400 GC heap before
{Heap before GC invocations=8 (full 0):
 garbage-first heap   total 51200K, used 36474K [0x0000000082000000, 0x0000000100000000)
  region size 1024K, 21 young (21504K), 3 survivors (3072K)
 Metaspace       used 31675K, committed 32128K, reserved 1114112K
  class space    used 4103K, committed 4288K, reserved 1048576K
}
Event: 6.408 GC heap after
{Heap after GC invocations=9 (full 0):
 garbage-first heap   total 51200K, used 19915K [0x0000000082000000, 0x0000000100000000)
  region size 1024K, 2 young (2048K), 2 survivors (2048K)
 Metaspace       used 31675K, committed 32128K, reserved 1114112K
  class space    used 4103K, committed 4288K, reserved 1048576K
}
Event: 7.010 GC heap before
{Heap before GC invocations=9 (full 0):
 garbage-first heap   total 51200K, used 37323K [0x0000000082000000, 0x0000000100000000)
  region size 1024K, 19 young (19456K), 2 survivors (2048K)
 Metaspace       used 34868K, committed 35328K, reserved 1114112K
  class space    used 4535K, committed 4736K, reserved 1048576K
}
Event: 7.016 GC heap after
{Heap after GC invocations=10 (full 0):
 garbage-first heap   total 51200K, used 20861K [0x0000000082000000, 0x0000000100000000)
  region size 1024K, 1 young (1024K), 1 survivors (1024K)
 Metaspace       used 34868K, committed 35328K, reserved 1114112K
  class space    used 4535K, committed 4736K, reserved 1048576K
}
Event: 7.161 GC heap before
{Heap before GC invocations=10 (full 0):
 garbage-first heap   total 51200K, used 23933K [0x0000000082000000, 0x0000000100000000)
  region size 1024K, 5 young (5120K), 1 survivors (1024K)
 Metaspace       used 35753K, committed 36096K, reserved 1114112K
  class space    used 4684K, committed 4864K, reserved 1048576K
}
Event: 7.167 GC heap after
{Heap after GC invocations=11 (full 0):
 garbage-first heap   total 74752K, used 21000K [0x0000000082000000, 0x0000000100000000)
  region size 1024K, 1 young (1024K), 1 survivors (1024K)
 Metaspace       used 35753K, committed 36096K, reserved 1114112K
  class space    used 4684K, committed 4864K, reserved 1048576K
}
Event: 8.933 GC heap before
{Heap before GC invocations=12 (full 0):
 garbage-first heap   total 74752K, used 57864K [0x0000000082000000, 0x0000000100000000)
  region size 1024K, 37 young (37888K), 1 survivors (1024K)
 Metaspace       used 44913K, committed 45376K, reserved 1114112K
  class space    used 5922K, committed 6144K, reserved 1048576K
}
Event: 8.944 GC heap after
{Heap after GC invocations=13 (full 0):
 garbage-first heap   total 74752K, used 23352K [0x0000000082000000, 0x0000000100000000)
  region size 1024K, 4 young (4096K), 4 survivors (4096K)
 Metaspace       used 44913K, committed 45376K, reserved 1114112K
  class space    used 5922K, committed 6144K, reserved 1048576K
}
Event: 8.985 GC heap before
{Heap before GC invocations=13 (full 0):
 garbage-first heap   total 74752K, used 24376K [0x0000000082000000, 0x0000000100000000)
  region size 1024K, 5 young (5120K), 4 survivors (4096K)
 Metaspace       used 45190K, committed 45568K, reserved 1114112K
  class space    used 5962K, committed 6144K, reserved 1048576K
}
Event: 8.997 GC heap after
{Heap after GC invocations=14 (full 0):
 garbage-first heap   total 74752K, used 23359K [0x0000000082000000, 0x0000000100000000)
  region size 1024K, 1 young (1024K), 1 survivors (1024K)
 Metaspace       used 45190K, committed 45568K, reserved 1114112K
  class space    used 5962K, committed 6144K, reserved 1048576K
}
Event: 10.300 GC heap before
{Heap before GC invocations=14 (full 0):
 garbage-first heap   total 74752K, used 57151K [0x0000000082000000, 0x0000000100000000)
  region size 1024K, 34 young (34816K), 1 survivors (1024K)
 Metaspace       used 52526K, committed 52992K, reserved 1114112K
  class space    used 7170K, committed 7360K, reserved 1048576K
}
Event: 10.306 GC heap after
{Heap after GC invocations=15 (full 0):
 garbage-first heap   total 74752K, used 24435K [0x0000000082000000, 0x0000000100000000)
  region size 1024K, 2 young (2048K), 2 survivors (2048K)
 Metaspace       used 52526K, committed 52992K, reserved 1114112K
  class space    used 7170K, committed 7360K, reserved 1048576K
}
Event: 11.759 GC heap before
{Heap before GC invocations=15 (full 0):
 garbage-first heap   total 74752K, used 58227K [0x0000000082000000, 0x0000000100000000)
  region size 1024K, 35 young (35840K), 2 survivors (2048K)
 Metaspace       used 58216K, committed 58688K, reserved 1114112K
  class space    used 7953K, committed 8192K, reserved 1048576K
}
Event: 11.770 GC heap after
{Heap after GC invocations=16 (full 0):
 garbage-first heap   total 74752K, used 26666K [0x0000000082000000, 0x0000000100000000)
  region size 1024K, 4 young (4096K), 4 survivors (4096K)
 Metaspace       used 58216K, committed 58688K, reserved 1114112K
  class space    used 7953K, committed 8192K, reserved 1048576K
}
Event: 12.333 GC heap before
{Heap before GC invocations=16 (full 0):
 garbage-first heap   total 74752K, used 41002K [0x0000000082000000, 0x0000000100000000)
  region size 1024K, 19 young (19456K), 4 survivors (4096K)
 Metaspace       used 60287K, committed 60736K, reserved 1114112K
  class space    used 8348K, committed 8576K, reserved 1048576K
}
Event: 12.344 GC heap after
{Heap after GC invocations=17 (full 0):
 garbage-first heap   total 74752K, used 27705K [0x0000000082000000, 0x0000000100000000)
  region size 1024K, 4 young (4096K), 4 survivors (4096K)
 Metaspace       used 60287K, committed 60736K, reserved 1114112K
  class space    used 8348K, committed 8576K, reserved 1048576K
}
Event: 13.357 GC heap before
{Heap before GC invocations=18 (full 0):
 garbage-first heap   total 74752K, used 57401K [0x0000000082000000, 0x0000000100000000)
  region size 1024K, 34 young (34816K), 4 survivors (4096K)
 Metaspace       used 64183K, committed 64768K, reserved 1114112K
  class space    used 9059K, committed 9344K, reserved 1048576K
}
Event: 13.365 GC heap after
{Heap after GC invocations=19 (full 0):
 garbage-first heap   total 74752K, used 30121K [0x0000000082000000, 0x0000000100000000)
  region size 1024K, 4 young (4096K), 4 survivors (4096K)
 Metaspace       used 64183K, committed 64768K, reserved 1114112K
  class space    used 9059K, committed 9344K, reserved 1048576K
}
Event: 13.373 GC heap before
{Heap before GC invocations=19 (full 0):
 garbage-first heap   total 74752K, used 31145K [0x0000000082000000, 0x0000000100000000)
  region size 1024K, 5 young (5120K), 4 survivors (4096K)
 Metaspace       used 64183K, committed 64768K, reserved 1114112K
  class space    used 9059K, committed 9344K, reserved 1048576K
}
Event: 13.381 GC heap after
{Heap after GC invocations=20 (full 0):
 garbage-first heap   total 74752K, used 30007K [0x0000000082000000, 0x0000000100000000)
  region size 1024K, 1 young (1024K), 1 survivors (1024K)
 Metaspace       used 64183K, committed 64768K, reserved 1114112K
  class space    used 9059K, committed 9344K, reserved 1048576K
}

